2022-07-16T12:35:58.174+0800	ERROR	middlewares/log.go:74	[Recovery from panic]	{"error": "Undefined validation function 'optional' on field 'LatestTime'", "request": "GET /douyin/feed HTTP/1.1\r\nHost: 121.89.193.78:8080\r\nAccept: text/html,application/xhtml+xml,application/xml;q=0.9,image/webp,image/apng,*/*;q=0.8,application/signed-exchange;v=b3;q=0.9\r\nAccept-Encoding: gzip, deflate\r\nAccept-Language: zh-CN,zh;q=0.9,en;q=0.8,en-GB;q=0.7,en-US;q=0.6,zh-TW;q=0.5\r\nCache-Control: max-age=0\r\nConnection: keep-alive\r\nCookie: BEEFHOOK=VCaVNoBVT6JLNkESJsobJR1o1lYZzXMzH9TVFdYJlP7UwBN21XoIQirDTy3immy96JB4bfBlqgzQB2uy\r\nUpgrade-Insecure-Requests: 1\r\nUser-Agent: Mozilla/5.0 (Windows NT 10.0; Win64; x64) AppleWebKit/537.36 (KHTML, like Gecko) Chrome/103.0.5060.114 Safari/537.36 Edg/103.0.1264.62\r\n\r\n", "stack": "goroutine 10 [running]:\nruntime/debug.Stack()\n\t/usr/local/go/src/runtime/debug/stack.go:24 +0x65\ndousheng/middlewares.GinRecovery.func1.1()\n\t/root/go/src/dousheng/middlewares/log.go:77 +0x2da\npanic({0xa573c0, 0xc0004649d0})\n\t/usr/local/go/src/runtime/panic.go:838 +0x207\ngithub.com/go-playground/validator/v10.(*Validate).parseFieldTagsRecursive(0xc000078360, {0xa5830a?, 0xb2b984?}, {0xa582cf, 0xa}, {0x0, 0x0}, 0x0)\n\t/root/go/pkg/mod/github.com/go-playground/validator/v10@v10.10.0/cache.go:289 +0xa19\ngithub.com/go-playground/validator/v10.(*Validate).extractStructCache(0xc000078360, {0xaac9e0?, 0xc00000e1b0?, 0x0?}, {0xa1cf4b, 0x7})\n\t/root/go/pkg/mod/github.com/go-playground/validator/v10@v10.10.0/cache.go:150 +0x50f\ngithub.com/go-playground/validator/v10.(*validate).validateStruct(0xc00045a240, {0xc36cf0, 0xc0000240b0}, {0xaac9e0?, 0xc00000e1b0?, 0x100eba0?}, {0xaac9e0?, 0xc00000e1b0?, 0xc32f40?}, {0xc3b0c0, ...}, ...)\n\t/root/go/pkg/mod/github.com/go-playground/validator/v10@v10.10.0/validator.go:37 +0x190\ngithub.com/go-playground/validator/v10.(*Validate).StructCtx(0xc000078360, {0xc36cf0, 0xc0000240b0}, {0xaac9e0, 0xc00000e1b0?})\n\t/root/go/pkg/mod/github.com/go-playground/validator/v10@v10.10.0/validator_instance.go:344 +0x430\ngithub.com/go-playground/validator/v10.(*Validate).Struct(...)\n\t/root/go/pkg/mod/github.com/go-playground/validator/v10@v10.10.0/validator_instance.go:317\ngithub.com/gin-gonic/gin/binding.(*defaultValidator).validateStruct(0x100eba0, {0xaac9e0, 0xc00000e1b0})\n\t/root/go/pkg/mod/github.com/gin-gonic/gin@v1.8.1/binding/default_validator.go:80 +0x4e\ngithub.com/gin-gonic/gin/binding.(*defaultValidator).ValidateStruct(0xaac9e0?, {0xaac9e0?, 0xc00000e1b0?})\n\t/root/go/pkg/mod/github.com/gin-gonic/gin@v1.8.1/binding/default_validator.go:59 +0x178\ngithub.com/gin-gonic/gin/binding.(*defaultValidator).ValidateStruct(0xa3cb60?, {0xa3cb60?, 0xc00000e108?})\n\t/root/go/pkg/mod/github.com/gin-gonic/gin@v1.8.1/binding/default_validator.go:57 +0x105\ngithub.com/gin-gonic/gin/binding.validate(...)\n\t/root/go/pkg/mod/github.com/gin-gonic/gin@v1.8.1/binding/binding.go:121\ngithub.com/gin-gonic/gin/binding.formBinding.Bind({}, 0xc0001f4100, {0xa3cb60, 0xc00000e108})\n\t/root/go/pkg/mod/github.com/gin-gonic/gin@v1.8.1/binding/form.go:32 +0xc2\ngithub.com/gin-gonic/gin.(*Context).ShouldBindWith(...)\n\t/root/go/pkg/mod/github.com/gin-gonic/gin@v1.8.1/context.go:725\ngithub.com/gin-gonic/gin.(*Context).ShouldBind(0xc0001f4200, {0xa3cb60, 0xc00000e108})\n\t/root/go/pkg/mod/github.com/gin-gonic/gin@v1.8.1/context.go:680 +0x259\ndousheng/service.GetVedioList(0x203000?)\n\t/root/go/src/dousheng/service/vedioService.go:12 +0x5c\ndousheng/router.Feed.func1(0xc00006744e?)\n\t/root/go/src/dousheng/router/feed.go:13 +0x19\ngithub.com/gin-gonic/gin.(*Context).Next(...)\n\t/root/go/pkg/mod/github.com/gin-gonic/gin@v1.8.1/context.go:173\ndousheng/middlewares.GinRecovery.func1(0xc0001f4200)\n\t/root/go/src/dousheng/middlewares/log.go:88 +0x76\ngithub.com/gin-gonic/gin.(*Context).Next(...)\n\t/root/go/pkg/mod/github.com/gin-gonic/gin@v1.8.1/context.go:173\ndousheng/middlewares.GinLogger.func1(0xc0001f4200)\n\t/root/go/src/dousheng/middlewares/log.go:25 +0xa2\ngithub.com/gin-gonic/gin.(*Context).Next(...)\n\t/root/go/pkg/mod/github.com/gin-gonic/gin@v1.8.1/context.go:173\ngithub.com/gin-gonic/gin.CustomRecoveryWithWriter.func1(0xc0001f4200)\n\t/root/go/pkg/mod/github.com/gin-gonic/gin@v1.8.1/recovery.go:101 +0x82\ngithub.com/gin-gonic/gin.(*Context).Next(...)\n\t/root/go/pkg/mod/github.com/gin-gonic/gin@v1.8.1/context.go:173\ngithub.com/gin-gonic/gin.LoggerWithConfig.func1(0xc0001f4200)\n\t/root/go/pkg/mod/github.com/gin-gonic/gin@v1.8.1/logger.go:240 +0xe7\ngithub.com/gin-gonic/gin.(*Context).Next(...)\n\t/root/go/pkg/mod/github.com/gin-gonic/gin@v1.8.1/context.go:173\ngithub.com/gin-gonic/gin.(*Engine).handleHTTPRequest(0xc0003ab6c0, 0xc0001f4200)\n\t/root/go/pkg/mod/github.com/gin-gonic/gin@v1.8.1/gin.go:616 +0x671\ngithub.com/gin-gonic/gin.(*Engine).ServeHTTP(0xc0003ab6c0, {0xc363b8?, 0xc0003fc000}, 0xc0001f4100)\n\t/root/go/pkg/mod/github.com/gin-gonic/gin@v1.8.1/gin.go:572 +0x1dd\nnet/http.serverHandler.ServeHTTP({0xc000446600?}, {0xc363b8, 0xc0003fc000}, 0xc0001f4100)\n\t/usr/local/go/src/net/http/server.go:2916 +0x43b\nnet/http.(*conn).serve(0xc000458000, {0xc36d60, 0xc000447c50})\n\t/usr/local/go/src/net/http/server.go:1966 +0x5d7\ncreated by net/http.(*Server).Serve\n\t/usr/local/go/src/net/http/server.go:3071 +0x4db\n"}
dousheng/middlewares.GinRecovery.func1.1
	/root/go/src/dousheng/middlewares/log.go:74
runtime.gopanic
	/usr/local/go/src/runtime/panic.go:838
github.com/go-playground/validator/v10.(*Validate).parseFieldTagsRecursive
	/root/go/pkg/mod/github.com/go-playground/validator/v10@v10.10.0/cache.go:289
github.com/go-playground/validator/v10.(*Validate).extractStructCache
	/root/go/pkg/mod/github.com/go-playground/validator/v10@v10.10.0/cache.go:150
github.com/go-playground/validator/v10.(*validate).validateStruct
	/root/go/pkg/mod/github.com/go-playground/validator/v10@v10.10.0/validator.go:37
github.com/go-playground/validator/v10.(*Validate).StructCtx
	/root/go/pkg/mod/github.com/go-playground/validator/v10@v10.10.0/validator_instance.go:344
github.com/go-playground/validator/v10.(*Validate).Struct
	/root/go/pkg/mod/github.com/go-playground/validator/v10@v10.10.0/validator_instance.go:317
github.com/gin-gonic/gin/binding.(*defaultValidator).validateStruct
	/root/go/pkg/mod/github.com/gin-gonic/gin@v1.8.1/binding/default_validator.go:80
github.com/gin-gonic/gin/binding.(*defaultValidator).ValidateStruct
	/root/go/pkg/mod/github.com/gin-gonic/gin@v1.8.1/binding/default_validator.go:59
github.com/gin-gonic/gin/binding.(*defaultValidator).ValidateStruct
	/root/go/pkg/mod/github.com/gin-gonic/gin@v1.8.1/binding/default_validator.go:57
github.com/gin-gonic/gin/binding.validate
	/root/go/pkg/mod/github.com/gin-gonic/gin@v1.8.1/binding/binding.go:121
github.com/gin-gonic/gin/binding.formBinding.Bind
	/root/go/pkg/mod/github.com/gin-gonic/gin@v1.8.1/binding/form.go:32
github.com/gin-gonic/gin.(*Context).ShouldBindWith
	/root/go/pkg/mod/github.com/gin-gonic/gin@v1.8.1/context.go:725
github.com/gin-gonic/gin.(*Context).ShouldBind
	/root/go/pkg/mod/github.com/gin-gonic/gin@v1.8.1/context.go:680
dousheng/service.GetVedioList
	/root/go/src/dousheng/service/vedioService.go:12
dousheng/router.Feed.func1
	/root/go/src/dousheng/router/feed.go:13
github.com/gin-gonic/gin.(*Context).Next
	/root/go/pkg/mod/github.com/gin-gonic/gin@v1.8.1/context.go:173
dousheng/middlewares.GinRecovery.func1
	/root/go/src/dousheng/middlewares/log.go:88
github.com/gin-gonic/gin.(*Context).Next
	/root/go/pkg/mod/github.com/gin-gonic/gin@v1.8.1/context.go:173
dousheng/middlewares.GinLogger.func1
	/root/go/src/dousheng/middlewares/log.go:25
github.com/gin-gonic/gin.(*Context).Next
	/root/go/pkg/mod/github.com/gin-gonic/gin@v1.8.1/context.go:173
github.com/gin-gonic/gin.CustomRecoveryWithWriter.func1
	/root/go/pkg/mod/github.com/gin-gonic/gin@v1.8.1/recovery.go:101
github.com/gin-gonic/gin.(*Context).Next
	/root/go/pkg/mod/github.com/gin-gonic/gin@v1.8.1/context.go:173
github.com/gin-gonic/gin.LoggerWithConfig.func1
	/root/go/pkg/mod/github.com/gin-gonic/gin@v1.8.1/logger.go:240
github.com/gin-gonic/gin.(*Context).Next
	/root/go/pkg/mod/github.com/gin-gonic/gin@v1.8.1/context.go:173
github.com/gin-gonic/gin.(*Engine).handleHTTPRequest
	/root/go/pkg/mod/github.com/gin-gonic/gin@v1.8.1/gin.go:616
github.com/gin-gonic/gin.(*Engine).ServeHTTP
	/root/go/pkg/mod/github.com/gin-gonic/gin@v1.8.1/gin.go:572
net/http.serverHandler.ServeHTTP
	/usr/local/go/src/net/http/server.go:2916
net/http.(*conn).serve
	/usr/local/go/src/net/http/server.go:1966
2022-07-16T12:35:58.174+0800	INFO	middlewares/log.go:31	/douyin/feed	{"status": 500, "method": "GET", "path": "/douyin/feed", "query": "", "ip": "117.173.139.83", "user-agent": "Mozilla/5.0 (Windows NT 10.0; Win64; x64) AppleWebKit/537.36 (KHTML, like Gecko) Chrome/103.0.5060.114 Safari/537.36 Edg/103.0.1264.62", "errors": "", "cost": "635.647µs"}
2022-07-16T12:35:59.512+0800	ERROR	middlewares/log.go:74	[Recovery from panic]	{"error": "Undefined validation function 'optional' on field 'LatestTime'", "request": "GET /douyin/feed HTTP/1.1\r\nHost: 121.89.193.78:8080\r\nAccept: text/html,application/xhtml+xml,application/xml;q=0.9,image/webp,image/apng,*/*;q=0.8,application/signed-exchange;v=b3;q=0.9\r\nAccept-Encoding: gzip, deflate\r\nAccept-Language: zh-CN,zh;q=0.9,en;q=0.8,en-GB;q=0.7,en-US;q=0.6,zh-TW;q=0.5\r\nCache-Control: max-age=0\r\nConnection: keep-alive\r\nCookie: BEEFHOOK=VCaVNoBVT6JLNkESJsobJR1o1lYZzXMzH9TVFdYJlP7UwBN21XoIQirDTy3immy96JB4bfBlqgzQB2uy\r\nUpgrade-Insecure-Requests: 1\r\nUser-Agent: Mozilla/5.0 (Windows NT 10.0; Win64; x64) AppleWebKit/537.36 (KHTML, like Gecko) Chrome/103.0.5060.114 Safari/537.36 Edg/103.0.1264.62\r\n\r\n", "stack": "goroutine 10 [running]:\nruntime/debug.Stack()\n\t/usr/local/go/src/runtime/debug/stack.go:24 +0x65\ndousheng/middlewares.GinRecovery.func1.1()\n\t/root/go/src/dousheng/middlewares/log.go:77 +0x2da\npanic({0xa573c0, 0xc000464b70})\n\t/usr/local/go/src/runtime/panic.go:838 +0x207\ngithub.com/go-playground/validator/v10.(*Validate).parseFieldTagsRecursive(0xc000078360, {0xa5830a?, 0xb2b984?}, {0xa582cf, 0xa}, {0x0, 0x0}, 0x0)\n\t/root/go/pkg/mod/github.com/go-playground/validator/v10@v10.10.0/cache.go:289 +0xa19\ngithub.com/go-playground/validator/v10.(*Validate).extractStructCache(0xc000078360, {0xaac9e0?, 0xc00000e270?, 0x0?}, {0xa1cf4b, 0x7})\n\t/root/go/pkg/mod/github.com/go-playground/validator/v10@v10.10.0/cache.go:150 +0x50f\ngithub.com/go-playground/validator/v10.(*validate).validateStruct(0xc00045a360, {0xc36cf0, 0xc0000240b0}, {0xaac9e0?, 0xc00000e270?, 0xaac9e0?}, {0xaac9e0?, 0xc00000e270?, 0xc32f40?}, {0xc3b0c0, ...}, ...)\n\t/root/go/pkg/mod/github.com/go-playground/validator/v10@v10.10.0/validator.go:37 +0x190\ngithub.com/go-playground/validator/v10.(*Validate).StructCtx(0xc000078360, {0xc36cf0, 0xc0000240b0}, {0xaac9e0, 0xc00000e270?})\n\t/root/go/pkg/mod/github.com/go-playground/validator/v10@v10.10.0/validator_instance.go:344 +0x430\ngithub.com/go-playground/validator/v10.(*Validate).Struct(...)\n\t/root/go/pkg/mod/github.com/go-playground/validator/v10@v10.10.0/validator_instance.go:317\ngithub.com/gin-gonic/gin/binding.(*defaultValidator).validateStruct(0x100eba0, {0xaac9e0, 0xc00000e270})\n\t/root/go/pkg/mod/github.com/gin-gonic/gin@v1.8.1/binding/default_validator.go:80 +0x4e\ngithub.com/gin-gonic/gin/binding.(*defaultValidator).ValidateStruct(0xaac9e0?, {0xaac9e0?, 0xc00000e270?})\n\t/root/go/pkg/mod/github.com/gin-gonic/gin@v1.8.1/binding/default_validator.go:59 +0x178\ngithub.com/gin-gonic/gin/binding.(*defaultValidator).ValidateStruct(0xa3cb60?, {0xa3cb60?, 0xc00000e240?})\n\t/root/go/pkg/mod/github.com/gin-gonic/gin@v1.8.1/binding/default_validator.go:57 +0x105\ngithub.com/gin-gonic/gin/binding.validate(...)\n\t/root/go/pkg/mod/github.com/gin-gonic/gin@v1.8.1/binding/binding.go:121\ngithub.com/gin-gonic/gin/binding.formBinding.Bind({}, 0xc0001f4300, {0xa3cb60, 0xc00000e240})\n\t/root/go/pkg/mod/github.com/gin-gonic/gin@v1.8.1/binding/form.go:32 +0xc2\ngithub.com/gin-gonic/gin.(*Context).ShouldBindWith(...)\n\t/root/go/pkg/mod/github.com/gin-gonic/gin@v1.8.1/context.go:725\ngithub.com/gin-gonic/gin.(*Context).ShouldBind(0xc0001f4200, {0xa3cb60, 0xc00000e240})\n\t/root/go/pkg/mod/github.com/gin-gonic/gin@v1.8.1/context.go:680 +0x259\ndousheng/service.GetVedioList(0xcfd88f?)\n\t/root/go/src/dousheng/service/vedioService.go:12 +0x5c\ndousheng/router.Feed.func1(0x4e54e5?)\n\t/root/go/src/dousheng/router/feed.go:13 +0x19\ngithub.com/gin-gonic/gin.(*Context).Next(...)\n\t/root/go/pkg/mod/github.com/gin-gonic/gin@v1.8.1/context.go:173\ndousheng/middlewares.GinRecovery.func1(0xc0001f4200)\n\t/root/go/src/dousheng/middlewares/log.go:88 +0x76\ngithub.com/gin-gonic/gin.(*Context).Next(...)\n\t/root/go/pkg/mod/github.com/gin-gonic/gin@v1.8.1/context.go:173\ndousheng/middlewares.GinLogger.func1(0xc0001f4200)\n\t/root/go/src/dousheng/middlewares/log.go:25 +0xa2\ngithub.com/gin-gonic/gin.(*Context).Next(...)\n\t/root/go/pkg/mod/github.com/gin-gonic/gin@v1.8.1/context.go:173\ngithub.com/gin-gonic/gin.CustomRecoveryWithWriter.func1(0xc0001f4200)\n\t/root/go/pkg/mod/github.com/gin-gonic/gin@v1.8.1/recovery.go:101 +0x82\ngithub.com/gin-gonic/gin.(*Context).Next(...)\n\t/root/go/pkg/mod/github.com/gin-gonic/gin@v1.8.1/context.go:173\ngithub.com/gin-gonic/gin.LoggerWithConfig.func1(0xc0001f4200)\n\t/root/go/pkg/mod/github.com/gin-gonic/gin@v1.8.1/logger.go:240 +0xe7\ngithub.com/gin-gonic/gin.(*Context).Next(...)\n\t/root/go/pkg/mod/github.com/gin-gonic/gin@v1.8.1/context.go:173\ngithub.com/gin-gonic/gin.(*Engine).handleHTTPRequest(0xc0003ab6c0, 0xc0001f4200)\n\t/root/go/pkg/mod/github.com/gin-gonic/gin@v1.8.1/gin.go:616 +0x671\ngithub.com/gin-gonic/gin.(*Engine).ServeHTTP(0xc0003ab6c0, {0xc363b8?, 0xc0003fc0e0}, 0xc0001f4300)\n\t/root/go/pkg/mod/github.com/gin-gonic/gin@v1.8.1/gin.go:572 +0x1dd\nnet/http.serverHandler.ServeHTTP({0xc000446600?}, {0xc363b8, 0xc0003fc0e0}, 0xc0001f4300)\n\t/usr/local/go/src/net/http/server.go:2916 +0x43b\nnet/http.(*conn).serve(0xc000458000, {0xc36d60, 0xc000447c50})\n\t/usr/local/go/src/net/http/server.go:1966 +0x5d7\ncreated by net/http.(*Server).Serve\n\t/usr/local/go/src/net/http/server.go:3071 +0x4db\n"}
dousheng/middlewares.GinRecovery.func1.1
	/root/go/src/dousheng/middlewares/log.go:74
runtime.gopanic
	/usr/local/go/src/runtime/panic.go:838
github.com/go-playground/validator/v10.(*Validate).parseFieldTagsRecursive
	/root/go/pkg/mod/github.com/go-playground/validator/v10@v10.10.0/cache.go:289
github.com/go-playground/validator/v10.(*Validate).extractStructCache
	/root/go/pkg/mod/github.com/go-playground/validator/v10@v10.10.0/cache.go:150
github.com/go-playground/validator/v10.(*validate).validateStruct
	/root/go/pkg/mod/github.com/go-playground/validator/v10@v10.10.0/validator.go:37
github.com/go-playground/validator/v10.(*Validate).StructCtx
	/root/go/pkg/mod/github.com/go-playground/validator/v10@v10.10.0/validator_instance.go:344
github.com/go-playground/validator/v10.(*Validate).Struct
	/root/go/pkg/mod/github.com/go-playground/validator/v10@v10.10.0/validator_instance.go:317
github.com/gin-gonic/gin/binding.(*defaultValidator).validateStruct
	/root/go/pkg/mod/github.com/gin-gonic/gin@v1.8.1/binding/default_validator.go:80
github.com/gin-gonic/gin/binding.(*defaultValidator).ValidateStruct
	/root/go/pkg/mod/github.com/gin-gonic/gin@v1.8.1/binding/default_validator.go:59
github.com/gin-gonic/gin/binding.(*defaultValidator).ValidateStruct
	/root/go/pkg/mod/github.com/gin-gonic/gin@v1.8.1/binding/default_validator.go:57
github.com/gin-gonic/gin/binding.validate
	/root/go/pkg/mod/github.com/gin-gonic/gin@v1.8.1/binding/binding.go:121
github.com/gin-gonic/gin/binding.formBinding.Bind
	/root/go/pkg/mod/github.com/gin-gonic/gin@v1.8.1/binding/form.go:32
github.com/gin-gonic/gin.(*Context).ShouldBindWith
	/root/go/pkg/mod/github.com/gin-gonic/gin@v1.8.1/context.go:725
github.com/gin-gonic/gin.(*Context).ShouldBind
	/root/go/pkg/mod/github.com/gin-gonic/gin@v1.8.1/context.go:680
dousheng/service.GetVedioList
	/root/go/src/dousheng/service/vedioService.go:12
dousheng/router.Feed.func1
	/root/go/src/dousheng/router/feed.go:13
github.com/gin-gonic/gin.(*Context).Next
	/root/go/pkg/mod/github.com/gin-gonic/gin@v1.8.1/context.go:173
dousheng/middlewares.GinRecovery.func1
	/root/go/src/dousheng/middlewares/log.go:88
github.com/gin-gonic/gin.(*Context).Next
	/root/go/pkg/mod/github.com/gin-gonic/gin@v1.8.1/context.go:173
dousheng/middlewares.GinLogger.func1
	/root/go/src/dousheng/middlewares/log.go:25
github.com/gin-gonic/gin.(*Context).Next
	/root/go/pkg/mod/github.com/gin-gonic/gin@v1.8.1/context.go:173
github.com/gin-gonic/gin.CustomRecoveryWithWriter.func1
	/root/go/pkg/mod/github.com/gin-gonic/gin@v1.8.1/recovery.go:101
github.com/gin-gonic/gin.(*Context).Next
	/root/go/pkg/mod/github.com/gin-gonic/gin@v1.8.1/context.go:173
github.com/gin-gonic/gin.LoggerWithConfig.func1
	/root/go/pkg/mod/github.com/gin-gonic/gin@v1.8.1/logger.go:240
github.com/gin-gonic/gin.(*Context).Next
	/root/go/pkg/mod/github.com/gin-gonic/gin@v1.8.1/context.go:173
github.com/gin-gonic/gin.(*Engine).handleHTTPRequest
	/root/go/pkg/mod/github.com/gin-gonic/gin@v1.8.1/gin.go:616
github.com/gin-gonic/gin.(*Engine).ServeHTTP
	/root/go/pkg/mod/github.com/gin-gonic/gin@v1.8.1/gin.go:572
net/http.serverHandler.ServeHTTP
	/usr/local/go/src/net/http/server.go:2916
net/http.(*conn).serve
	/usr/local/go/src/net/http/server.go:1966
2022-07-16T12:35:59.515+0800	INFO	middlewares/log.go:31	/douyin/feed	{"status": 500, "method": "GET", "path": "/douyin/feed", "query": "", "ip": "117.173.139.83", "user-agent": "Mozilla/5.0 (Windows NT 10.0; Win64; x64) AppleWebKit/537.36 (KHTML, like Gecko) Chrome/103.0.5060.114 Safari/537.36 Edg/103.0.1264.62", "errors": "", "cost": "3.220585ms"}
2022-07-16T12:36:11.768+0800	ERROR	middlewares/log.go:74	[Recovery from panic]	{"error": "Undefined validation function 'optional' on field 'LatestTime'", "request": "GET /douyin/feed HTTP/1.1\r\nHost: 121.89.193.78:8080\r\nAccept: text/html,application/xhtml+xml,application/xml;q=0.9,image/webp,image/apng,*/*;q=0.8,application/signed-exchange;v=b3;q=0.9\r\nAccept-Encoding: gzip, deflate\r\nAccept-Language: zh-CN,zh;q=0.9,en;q=0.8,en-GB;q=0.7,en-US;q=0.6,zh-TW;q=0.5\r\nCache-Control: max-age=0\r\nConnection: keep-alive\r\nCookie: BEEFHOOK=VCaVNoBVT6JLNkESJsobJR1o1lYZzXMzH9TVFdYJlP7UwBN21XoIQirDTy3immy96JB4bfBlqgzQB2uy\r\nUpgrade-Insecure-Requests: 1\r\nUser-Agent: Mozilla/5.0 (Linux; Android 6.0; Nexus 5 Build/MRA58N) AppleWebKit/537.36 (KHTML, like Gecko) Chrome/103.0.5060.114 Mobile Safari/537.36 Edg/103.0.1264.62\r\n\r\n", "stack": "goroutine 10 [running]:\nruntime/debug.Stack()\n\t/usr/local/go/src/runtime/debug/stack.go:24 +0x65\ndousheng/middlewares.GinRecovery.func1.1()\n\t/root/go/src/dousheng/middlewares/log.go:77 +0x2da\npanic({0xa573c0, 0xc000464d00})\n\t/usr/local/go/src/runtime/panic.go:838 +0x207\ngithub.com/go-playground/validator/v10.(*Validate).parseFieldTagsRecursive(0xc000078360, {0xa5830a?, 0xb2b984?}, {0xa582cf, 0xa}, {0x0, 0x0}, 0x0)\n\t/root/go/pkg/mod/github.com/go-playground/validator/v10@v10.10.0/cache.go:289 +0xa19\ngithub.com/go-playground/validator/v10.(*Validate).extractStructCache(0xc000078360, {0xaac9e0?, 0xc00000e2b8?, 0x0?}, {0xa1cf4b, 0x7})\n\t/root/go/pkg/mod/github.com/go-playground/validator/v10@v10.10.0/cache.go:150 +0x50f\ngithub.com/go-playground/validator/v10.(*validate).validateStruct(0xc00045a480, {0xc36cf0, 0xc0000240b0}, {0xaac9e0?, 0xc00000e2b8?, 0xaac9e0?}, {0xaac9e0?, 0xc00000e2b8?, 0xc32f40?}, {0xc3b0c0, ...}, ...)\n\t/root/go/pkg/mod/github.com/go-playground/validator/v10@v10.10.0/validator.go:37 +0x190\ngithub.com/go-playground/validator/v10.(*Validate).StructCtx(0xc000078360, {0xc36cf0, 0xc0000240b0}, {0xaac9e0, 0xc00000e2b8?})\n\t/root/go/pkg/mod/github.com/go-playground/validator/v10@v10.10.0/validator_instance.go:344 +0x430\ngithub.com/go-playground/validator/v10.(*Validate).Struct(...)\n\t/root/go/pkg/mod/github.com/go-playground/validator/v10@v10.10.0/validator_instance.go:317\ngithub.com/gin-gonic/gin/binding.(*defaultValidator).validateStruct(0x100eba0, {0xaac9e0, 0xc00000e2b8})\n\t/root/go/pkg/mod/github.com/gin-gonic/gin@v1.8.1/binding/default_validator.go:80 +0x4e\ngithub.com/gin-gonic/gin/binding.(*defaultValidator).ValidateStruct(0xaac9e0?, {0xaac9e0?, 0xc00000e2b8?})\n\t/root/go/pkg/mod/github.com/gin-gonic/gin@v1.8.1/binding/default_validator.go:59 +0x178\ngithub.com/gin-gonic/gin/binding.(*defaultValidator).ValidateStruct(0xa3cb60?, {0xa3cb60?, 0xc00000e288?})\n\t/root/go/pkg/mod/github.com/gin-gonic/gin@v1.8.1/binding/default_validator.go:57 +0x105\ngithub.com/gin-gonic/gin/binding.validate(...)\n\t/root/go/pkg/mod/github.com/gin-gonic/gin@v1.8.1/binding/binding.go:121\ngithub.com/gin-gonic/gin/binding.formBinding.Bind({}, 0xc0001f4500, {0xa3cb60, 0xc00000e288})\n\t/root/go/pkg/mod/github.com/gin-gonic/gin@v1.8.1/binding/form.go:32 +0xc2\ngithub.com/gin-gonic/gin.(*Context).ShouldBindWith(...)\n\t/root/go/pkg/mod/github.com/gin-gonic/gin@v1.8.1/context.go:725\ngithub.com/gin-gonic/gin.(*Context).ShouldBind(0xc0001f4200, {0xa3cb60, 0xc00000e288})\n\t/root/go/pkg/mod/github.com/gin-gonic/gin@v1.8.1/context.go:680 +0x259\ndousheng/service.GetVedioList(0xcfd88f?)\n\t/root/go/src/dousheng/service/vedioService.go:12 +0x5c\ndousheng/router.Feed.func1(0x4e54e5?)\n\t/root/go/src/dousheng/router/feed.go:13 +0x19\ngithub.com/gin-gonic/gin.(*Context).Next(...)\n\t/root/go/pkg/mod/github.com/gin-gonic/gin@v1.8.1/context.go:173\ndousheng/middlewares.GinRecovery.func1(0xc0001f4200)\n\t/root/go/src/dousheng/middlewares/log.go:88 +0x76\ngithub.com/gin-gonic/gin.(*Context).Next(...)\n\t/root/go/pkg/mod/github.com/gin-gonic/gin@v1.8.1/context.go:173\ndousheng/middlewares.GinLogger.func1(0xc0001f4200)\n\t/root/go/src/dousheng/middlewares/log.go:25 +0xa2\ngithub.com/gin-gonic/gin.(*Context).Next(...)\n\t/root/go/pkg/mod/github.com/gin-gonic/gin@v1.8.1/context.go:173\ngithub.com/gin-gonic/gin.CustomRecoveryWithWriter.func1(0xc0001f4200)\n\t/root/go/pkg/mod/github.com/gin-gonic/gin@v1.8.1/recovery.go:101 +0x82\ngithub.com/gin-gonic/gin.(*Context).Next(...)\n\t/root/go/pkg/mod/github.com/gin-gonic/gin@v1.8.1/context.go:173\ngithub.com/gin-gonic/gin.LoggerWithConfig.func1(0xc0001f4200)\n\t/root/go/pkg/mod/github.com/gin-gonic/gin@v1.8.1/logger.go:240 +0xe7\ngithub.com/gin-gonic/gin.(*Context).Next(...)\n\t/root/go/pkg/mod/github.com/gin-gonic/gin@v1.8.1/context.go:173\ngithub.com/gin-gonic/gin.(*Engine).handleHTTPRequest(0xc0003ab6c0, 0xc0001f4200)\n\t/root/go/pkg/mod/github.com/gin-gonic/gin@v1.8.1/gin.go:616 +0x671\ngithub.com/gin-gonic/gin.(*Engine).ServeHTTP(0xc0003ab6c0, {0xc363b8?, 0xc0003fc1c0}, 0xc0001f4500)\n\t/root/go/pkg/mod/github.com/gin-gonic/gin@v1.8.1/gin.go:572 +0x1dd\nnet/http.serverHandler.ServeHTTP({0xc000446600?}, {0xc363b8, 0xc0003fc1c0}, 0xc0001f4500)\n\t/usr/local/go/src/net/http/server.go:2916 +0x43b\nnet/http.(*conn).serve(0xc000458000, {0xc36d60, 0xc000447c50})\n\t/usr/local/go/src/net/http/server.go:1966 +0x5d7\ncreated by net/http.(*Server).Serve\n\t/usr/local/go/src/net/http/server.go:3071 +0x4db\n"}
dousheng/middlewares.GinRecovery.func1.1
	/root/go/src/dousheng/middlewares/log.go:74
runtime.gopanic
	/usr/local/go/src/runtime/panic.go:838
github.com/go-playground/validator/v10.(*Validate).parseFieldTagsRecursive
	/root/go/pkg/mod/github.com/go-playground/validator/v10@v10.10.0/cache.go:289
github.com/go-playground/validator/v10.(*Validate).extractStructCache
	/root/go/pkg/mod/github.com/go-playground/validator/v10@v10.10.0/cache.go:150
github.com/go-playground/validator/v10.(*validate).validateStruct
	/root/go/pkg/mod/github.com/go-playground/validator/v10@v10.10.0/validator.go:37
github.com/go-playground/validator/v10.(*Validate).StructCtx
	/root/go/pkg/mod/github.com/go-playground/validator/v10@v10.10.0/validator_instance.go:344
github.com/go-playground/validator/v10.(*Validate).Struct
	/root/go/pkg/mod/github.com/go-playground/validator/v10@v10.10.0/validator_instance.go:317
github.com/gin-gonic/gin/binding.(*defaultValidator).validateStruct
	/root/go/pkg/mod/github.com/gin-gonic/gin@v1.8.1/binding/default_validator.go:80
github.com/gin-gonic/gin/binding.(*defaultValidator).ValidateStruct
	/root/go/pkg/mod/github.com/gin-gonic/gin@v1.8.1/binding/default_validator.go:59
github.com/gin-gonic/gin/binding.(*defaultValidator).ValidateStruct
	/root/go/pkg/mod/github.com/gin-gonic/gin@v1.8.1/binding/default_validator.go:57
github.com/gin-gonic/gin/binding.validate
	/root/go/pkg/mod/github.com/gin-gonic/gin@v1.8.1/binding/binding.go:121
github.com/gin-gonic/gin/binding.formBinding.Bind
	/root/go/pkg/mod/github.com/gin-gonic/gin@v1.8.1/binding/form.go:32
github.com/gin-gonic/gin.(*Context).ShouldBindWith
	/root/go/pkg/mod/github.com/gin-gonic/gin@v1.8.1/context.go:725
github.com/gin-gonic/gin.(*Context).ShouldBind
	/root/go/pkg/mod/github.com/gin-gonic/gin@v1.8.1/context.go:680
dousheng/service.GetVedioList
	/root/go/src/dousheng/service/vedioService.go:12
dousheng/router.Feed.func1
	/root/go/src/dousheng/router/feed.go:13
github.com/gin-gonic/gin.(*Context).Next
	/root/go/pkg/mod/github.com/gin-gonic/gin@v1.8.1/context.go:173
dousheng/middlewares.GinRecovery.func1
	/root/go/src/dousheng/middlewares/log.go:88
github.com/gin-gonic/gin.(*Context).Next
	/root/go/pkg/mod/github.com/gin-gonic/gin@v1.8.1/context.go:173
dousheng/middlewares.GinLogger.func1
	/root/go/src/dousheng/middlewares/log.go:25
github.com/gin-gonic/gin.(*Context).Next
	/root/go/pkg/mod/github.com/gin-gonic/gin@v1.8.1/context.go:173
github.com/gin-gonic/gin.CustomRecoveryWithWriter.func1
	/root/go/pkg/mod/github.com/gin-gonic/gin@v1.8.1/recovery.go:101
github.com/gin-gonic/gin.(*Context).Next
	/root/go/pkg/mod/github.com/gin-gonic/gin@v1.8.1/context.go:173
github.com/gin-gonic/gin.LoggerWithConfig.func1
	/root/go/pkg/mod/github.com/gin-gonic/gin@v1.8.1/logger.go:240
github.com/gin-gonic/gin.(*Context).Next
	/root/go/pkg/mod/github.com/gin-gonic/gin@v1.8.1/context.go:173
github.com/gin-gonic/gin.(*Engine).handleHTTPRequest
	/root/go/pkg/mod/github.com/gin-gonic/gin@v1.8.1/gin.go:616
github.com/gin-gonic/gin.(*Engine).ServeHTTP
	/root/go/pkg/mod/github.com/gin-gonic/gin@v1.8.1/gin.go:572
net/http.serverHandler.ServeHTTP
	/usr/local/go/src/net/http/server.go:2916
net/http.(*conn).serve
	/usr/local/go/src/net/http/server.go:1966
2022-07-16T12:36:11.770+0800	INFO	middlewares/log.go:31	/douyin/feed	{"status": 500, "method": "GET", "path": "/douyin/feed", "query": "", "ip": "117.173.139.83", "user-agent": "Mozilla/5.0 (Linux; Android 6.0; Nexus 5 Build/MRA58N) AppleWebKit/537.36 (KHTML, like Gecko) Chrome/103.0.5060.114 Mobile Safari/537.36 Edg/103.0.1264.62", "errors": "", "cost": "2.537295ms"}
2022-07-16T13:00:15.465+0800	INFO	middlewares/log.go:31	/	{"status": 404, "method": "GET", "path": "/", "query": "", "ip": "223.104.9.193", "user-agent": "Mozilla/5.0 (Linux; Android 10; V1829A) AppleWebKit/537.36 (KHTML, like Gecko) Chrome/103.0.5060.114 Mobile Safari/537.36 EdgA/103.0.1264.51", "errors": "", "cost": "22.221µs"}
2022-07-16T13:00:15.720+0800	INFO	middlewares/log.go:31	/favicon.ico	{"status": 404, "method": "GET", "path": "/favicon.ico", "query": "", "ip": "223.104.9.193", "user-agent": "Mozilla/5.0 (Linux; Android 10; V1829A) AppleWebKit/537.36 (KHTML, like Gecko) Chrome/103.0.5060.114 Mobile Safari/537.36 EdgA/103.0.1264.51", "errors": "", "cost": "679ns"}
2022-07-16T13:03:34.690+0800	INFO	middlewares/log.go:31	//douyin/feed	{"status": 404, "method": "GET", "path": "//douyin/feed", "query": "latest_time=1657947786638&token=eyJhbGciOiJIUzI1NiIsInR5cCI6IkpXVCJ9.eyJVc2VySUQiOjEsIlVzZXJOYW1lIjoiYWRtaW4iLCJSb2xlIjowLCJleHAiOjE2NjA1MzcyMzIsImlzcyI6InRlc3QiLCJuYmYiOjE2NTc5NDUyMzJ9.PsIZtAh0Cnn94hrHQ3trmGgorjII8cbWOxtGJqXFYn0", "ip": "117.173.139.83", "user-agent": "apifox/1.0.0 (https://www.apifox.cn)", "errors": "", "cost": "702ns"}
2022-07-16T13:11:38.630+0800	INFO	middlewares/log.go:31	/douyin/favorite/list/	{"status": 404, "method": "GET", "path": "/douyin/favorite/list/", "query": "token=eyJhbGciOiJIUzI1NiIsInR5cCI6IkpXVCJ9.eyJVc2VySUQiOjEsIlVzZXJOYW1lIjoiYWRtaW4iLCJSb2xlIjowLCJleHAiOjE2NjA1MzcyMzIsImlzcyI6InRlc3QiLCJuYmYiOjE2NTc5NDUyMzJ9.PsIZtAh0Cnn94hrHQ3trmGgorjII8cbWOxtGJqXFYn0&user_id=1", "ip": "117.173.139.83", "user-agent": "okhttp/3.14.9", "errors": "", "cost": "679ns"}
2022-07-16T13:11:38.688+0800	INFO	middlewares/log.go:31	/douyin/publish/list/	{"status": 404, "method": "GET", "path": "/douyin/publish/list/", "query": "token=eyJhbGciOiJIUzI1NiIsInR5cCI6IkpXVCJ9.eyJVc2VySUQiOjEsIlVzZXJOYW1lIjoiYWRtaW4iLCJSb2xlIjowLCJleHAiOjE2NjA1MzcyMzIsImlzcyI6InRlc3QiLCJuYmYiOjE2NTc5NDUyMzJ9.PsIZtAh0Cnn94hrHQ3trmGgorjII8cbWOxtGJqXFYn0&user_id=1", "ip": "117.173.139.83", "user-agent": "okhttp/3.14.9", "errors": "", "cost": "16.752µs"}
