2022-07-17T13:03:09.777+0800	INFO	middlewares/log.go:31	/douyin/publish/action/	{"status": 404, "method": "POST", "path": "/douyin/publish/action/", "query": "", "ip": "117.173.139.112", "user-agent": "okhttp/3.14.9", "errors": "", "cost": "852ns"}
2022-07-17T13:03:38.070+0800	INFO	middlewares/log.go:31	/douyin/publish/action/	{"status": 500, "method": "POST", "path": "/douyin/publish/action/", "query": "", "ip": "117.173.139.112", "user-agent": "okhttp/3.14.9", "errors": "", "cost": "146.742952ms"}
2022-07-17T13:05:19.691+0800	INFO	middlewares/log.go:31	/douyin/user/login/	{"status": 500, "method": "POST", "path": "/douyin/user/login/", "query": "username=test&password=123456", "ip": "223.104.9.198", "user-agent": "okhttp/3.14.9", "errors": "", "cost": "668.019µs"}
2022-07-17T13:05:42.345+0800	INFO	middlewares/log.go:31	/douyin/publish/list/	{"status": 404, "method": "GET", "path": "/douyin/publish/list/", "query": "token=eyJhbGciOiJIUzI1NiIsInR5cCI6IkpXVCJ9.eyJVc2VySUQiOjIsIlVzZXJOYW1lIjoidGVzdDEiLCJSb2xlIjowLCJleHAiOjE2NjA2MjYzNDEsImlzcyI6InRlc3QiLCJuYmYiOjE2NTgwMzQzNDF9.MegfvswyCKioy14CdWSl_h4zBXBL9hSJqopm4iRXNuA&user_id=2", "ip": "223.104.9.198", "user-agent": "okhttp/3.14.9", "errors": "", "cost": "839ns"}
2022-07-17T13:05:42.400+0800	INFO	middlewares/log.go:31	/douyin/favorite/list/	{"status": 404, "method": "GET", "path": "/douyin/favorite/list/", "query": "token=eyJhbGciOiJIUzI1NiIsInR5cCI6IkpXVCJ9.eyJVc2VySUQiOjIsIlVzZXJOYW1lIjoidGVzdDEiLCJSb2xlIjowLCJleHAiOjE2NjA2MjYzNDEsImlzcyI6InRlc3QiLCJuYmYiOjE2NTgwMzQzNDF9.MegfvswyCKioy14CdWSl_h4zBXBL9hSJqopm4iRXNuA&user_id=2", "ip": "223.104.9.198", "user-agent": "okhttp/3.14.9", "errors": "", "cost": "32.942µs"}
2022-07-17T13:06:27.625+0800	INFO	middlewares/log.go:31	/douyin/favorite/list/	{"status": 404, "method": "GET", "path": "/douyin/favorite/list/", "query": "token=eyJhbGciOiJIUzI1NiIsInR5cCI6IkpXVCJ9.eyJVc2VySUQiOjIsIlVzZXJOYW1lIjoidGVzdDEiLCJSb2xlIjowLCJleHAiOjE2NjA2MjYzNDEsImlzcyI6InRlc3QiLCJuYmYiOjE2NTgwMzQzNDF9.MegfvswyCKioy14CdWSl_h4zBXBL9hSJqopm4iRXNuA&user_id=2", "ip": "223.104.9.198", "user-agent": "okhttp/3.14.9", "errors": "", "cost": "1.058µs"}
2022-07-17T13:06:37.615+0800	INFO	middlewares/log.go:31	/douyin/publish/action/	{"status": 500, "method": "POST", "path": "/douyin/publish/action/", "query": "", "ip": "223.104.9.198", "user-agent": "okhttp/3.14.9", "errors": "", "cost": "9.989760465s"}
2022-07-17T13:06:58.860+0800	INFO	middlewares/log.go:31	/douyin/publish/action/	{"status": 500, "method": "POST", "path": "/douyin/publish/action/", "query": "", "ip": "117.173.139.112", "user-agent": "okhttp/3.14.9", "errors": "", "cost": "208.020289ms"}
2022-07-17T13:09:48.337+0800	INFO	middlewares/log.go:31	/douyin/publish/action/	{"status": 500, "method": "POST", "path": "/douyin/publish/action/", "query": "", "ip": "117.173.139.112", "user-agent": "okhttp/3.14.9", "errors": "", "cost": "196.373055ms"}
2022-07-17T13:10:30.389+0800	INFO	middlewares/log.go:31	/douyin/publish/action/	{"status": 500, "method": "POST", "path": "/douyin/publish/action/", "query": "", "ip": "117.173.139.112", "user-agent": "okhttp/3.14.9", "errors": "", "cost": "146.999374ms"}
2022-07-17T13:13:12.293+0800	INFO	middlewares/log.go:31	/douyin/publish/action/	{"status": 500, "method": "POST", "path": "/douyin/publish/action/", "query": "", "ip": "117.173.139.112", "user-agent": "okhttp/3.14.9", "errors": "", "cost": "272.670349ms"}
2022-07-17T13:23:22.846+0800	INFO	middlewares/log.go:31	/douyin/publish/action/	{"status": 500, "method": "POST", "path": "/douyin/publish/action/", "query": "", "ip": "117.173.139.112", "user-agent": "okhttp/3.14.9", "errors": "", "cost": "216.234173ms"}
2022-07-17T13:27:34.333+0800	ERROR	middlewares/log.go:74	[Recovery from panic]	{"error": "reflect: reflect.Value.SetInt using unaddressable value", "request": "POST /douyin/publish/action/ HTTP/1.1\r\nHost: 121.89.193.78:8080\r\nAccept-Encoding: gzip\r\nConnection: Keep-Alive\r\nContent-Length: 172451\r\nContent-Type: multipart/form-data; boundary=1f71e598-881e-4187-82c7-702d7e534656\r\nUser-Agent: okhttp/3.14.9\r\n\r\n", "stack": "goroutine 10 [running]:\nruntime/debug.Stack()\n\t/usr/local/go/src/runtime/debug/stack.go:24 +0x65\ndousheng/middlewares.GinRecovery.func1.1()\n\t/root/go/src/dousheng/middlewares/log.go:77 +0x2da\npanic({0xab0b00, 0xc000462a70})\n\t/usr/local/go/src/runtime/panic.go:838 +0x207\nreflect.flag.mustBeAssignableSlow(0xc0000003c0?)\n\t/usr/local/go/src/reflect/value.go:262 +0x85\nreflect.flag.mustBeAssignable(...)\n\t/usr/local/go/src/reflect/value.go:249\nreflect.Value.SetInt({0xab00c0?, 0xc00044c2a0?, 0xb55600?}, 0x3)\n\t/usr/local/go/src/reflect/value.go:2163 +0x48\ngorm.io/gorm/schema.(*Field).setupValuerAndSetter.func8({0xcb4f88, 0xc0000240b0}, {0xb55600?, 0xc00044c2a0?, 0x81?}, {0xab0180?, 0x1079558?})\n\t/root/go/pkg/mod/gorm.io/gorm@v1.23.8/schema/field.go:615 +0x4a9\ngorm.io/gorm/callbacks.Create.func1(0xc00007dfb0)\n\t/root/go/pkg/mod/gorm.io/gorm@v1.23.8/callbacks/create.go:146 +0x8fc\ngorm.io/gorm.(*processor).Execute(0xc00041f090, 0xb55600?)\n\t/root/go/pkg/mod/gorm.io/gorm@v1.23.8/callbacks.go:130 +0x433\ngorm.io/gorm.(*DB).Create(0xb55600?, {0xb55600?, 0xc00044c2a0})\n\t/root/go/pkg/mod/gorm.io/gorm@v1.23.8/finisher_api.go:24 +0xa5\ndousheng/controller.Publish(0x203000?)\n\t/root/go/src/dousheng/controller/publish.go:42 +0x3a9\ndousheng/router.Publish.func1(0x2?)\n\t/root/go/src/dousheng/router/publish.go:13 +0x19\ngithub.com/gin-gonic/gin.(*Context).Next(...)\n\t/root/go/pkg/mod/github.com/gin-gonic/gin@v1.8.1/context.go:173\ndousheng/middlewares.GinRecovery.func1(0xc0001f4200)\n\t/root/go/src/dousheng/middlewares/log.go:88 +0x76\ngithub.com/gin-gonic/gin.(*Context).Next(...)\n\t/root/go/pkg/mod/github.com/gin-gonic/gin@v1.8.1/context.go:173\ndousheng/middlewares.GinLogger.func1(0xc0001f4200)\n\t/root/go/src/dousheng/middlewares/log.go:25 +0xa2\ngithub.com/gin-gonic/gin.(*Context).Next(...)\n\t/root/go/pkg/mod/github.com/gin-gonic/gin@v1.8.1/context.go:173\ngithub.com/gin-gonic/gin.CustomRecoveryWithWriter.func1(0xc0001f4200)\n\t/root/go/pkg/mod/github.com/gin-gonic/gin@v1.8.1/recovery.go:101 +0x82\ngithub.com/gin-gonic/gin.(*Context).Next(...)\n\t/root/go/pkg/mod/github.com/gin-gonic/gin@v1.8.1/context.go:173\ngithub.com/gin-gonic/gin.LoggerWithConfig.func1(0xc0001f4200)\n\t/root/go/pkg/mod/github.com/gin-gonic/gin@v1.8.1/logger.go:240 +0xe7\ngithub.com/gin-gonic/gin.(*Context).Next(...)\n\t/root/go/pkg/mod/github.com/gin-gonic/gin@v1.8.1/context.go:173\ngithub.com/gin-gonic/gin.(*Engine).handleHTTPRequest(0xc0003a7520, 0xc0001f4200)\n\t/root/go/pkg/mod/github.com/gin-gonic/gin@v1.8.1/gin.go:616 +0x671\ngithub.com/gin-gonic/gin.(*Engine).ServeHTTP(0xc0003a7520, {0xcb4620?, 0xc000400000}, 0xc0001f4100)\n\t/root/go/pkg/mod/github.com/gin-gonic/gin@v1.8.1/gin.go:572 +0x1dd\nnet/http.serverHandler.ServeHTTP({0xcb2d70?}, {0xcb4620, 0xc000400000}, 0xc0001f4100)\n\t/usr/local/go/src/net/http/server.go:2916 +0x43b\nnet/http.(*conn).serve(0xc000456000, {0xcb4ff8, 0xc00044a870})\n\t/usr/local/go/src/net/http/server.go:1966 +0x5d7\ncreated by net/http.(*Server).Serve\n\t/usr/local/go/src/net/http/server.go:3071 +0x4db\n"}
dousheng/middlewares.GinRecovery.func1.1
	/root/go/src/dousheng/middlewares/log.go:74
runtime.gopanic
	/usr/local/go/src/runtime/panic.go:838
reflect.flag.mustBeAssignableSlow
	/usr/local/go/src/reflect/value.go:262
reflect.flag.mustBeAssignable
	/usr/local/go/src/reflect/value.go:249
reflect.Value.SetInt
	/usr/local/go/src/reflect/value.go:2163
gorm.io/gorm/schema.(*Field).setupValuerAndSetter.func8
	/root/go/pkg/mod/gorm.io/gorm@v1.23.8/schema/field.go:615
gorm.io/gorm/callbacks.Create.func1
	/root/go/pkg/mod/gorm.io/gorm@v1.23.8/callbacks/create.go:146
gorm.io/gorm.(*processor).Execute
	/root/go/pkg/mod/gorm.io/gorm@v1.23.8/callbacks.go:130
gorm.io/gorm.(*DB).Create
	/root/go/pkg/mod/gorm.io/gorm@v1.23.8/finisher_api.go:24
dousheng/controller.Publish
	/root/go/src/dousheng/controller/publish.go:42
dousheng/router.Publish.func1
	/root/go/src/dousheng/router/publish.go:13
github.com/gin-gonic/gin.(*Context).Next
	/root/go/pkg/mod/github.com/gin-gonic/gin@v1.8.1/context.go:173
dousheng/middlewares.GinRecovery.func1
	/root/go/src/dousheng/middlewares/log.go:88
github.com/gin-gonic/gin.(*Context).Next
	/root/go/pkg/mod/github.com/gin-gonic/gin@v1.8.1/context.go:173
dousheng/middlewares.GinLogger.func1
	/root/go/src/dousheng/middlewares/log.go:25
github.com/gin-gonic/gin.(*Context).Next
	/root/go/pkg/mod/github.com/gin-gonic/gin@v1.8.1/context.go:173
github.com/gin-gonic/gin.CustomRecoveryWithWriter.func1
	/root/go/pkg/mod/github.com/gin-gonic/gin@v1.8.1/recovery.go:101
github.com/gin-gonic/gin.(*Context).Next
	/root/go/pkg/mod/github.com/gin-gonic/gin@v1.8.1/context.go:173
github.com/gin-gonic/gin.LoggerWithConfig.func1
	/root/go/pkg/mod/github.com/gin-gonic/gin@v1.8.1/logger.go:240
github.com/gin-gonic/gin.(*Context).Next
	/root/go/pkg/mod/github.com/gin-gonic/gin@v1.8.1/context.go:173
github.com/gin-gonic/gin.(*Engine).handleHTTPRequest
	/root/go/pkg/mod/github.com/gin-gonic/gin@v1.8.1/gin.go:616
github.com/gin-gonic/gin.(*Engine).ServeHTTP
	/root/go/pkg/mod/github.com/gin-gonic/gin@v1.8.1/gin.go:572
net/http.serverHandler.ServeHTTP
	/usr/local/go/src/net/http/server.go:2916
net/http.(*conn).serve
	/usr/local/go/src/net/http/server.go:1966
2022-07-17T13:27:34.336+0800	INFO	middlewares/log.go:31	/douyin/publish/action/	{"status": 500, "method": "POST", "path": "/douyin/publish/action/", "query": "", "ip": "117.173.139.112", "user-agent": "okhttp/3.14.9", "errors": "", "cost": "218.09287ms"}
2022-07-17T13:29:05.498+0800	ERROR	middlewares/log.go:74	[Recovery from panic]	{"error": "reflect: reflect.Value.SetInt using unaddressable value", "request": "POST /douyin/publish/action/ HTTP/1.1\r\nHost: 121.89.193.78:8080\r\nAccept-Encoding: gzip\r\nConnection: Keep-Alive\r\nContent-Length: 172451\r\nContent-Type: multipart/form-data; boundary=c9aec7c9-5e5f-4554-bb6a-b4bd58cdc1c6\r\nUser-Agent: okhttp/3.14.9\r\n\r\n", "stack": "goroutine 20 [running]:\nruntime/debug.Stack()\n\t/usr/local/go/src/runtime/debug/stack.go:24 +0x65\ndousheng/middlewares.GinRecovery.func1.1()\n\t/root/go/src/dousheng/middlewares/log.go:77 +0x2da\npanic({0xab0b00, 0xc000462ff0})\n\t/usr/local/go/src/runtime/panic.go:838 +0x207\nreflect.flag.mustBeAssignableSlow(0xc0000003c0?)\n\t/usr/local/go/src/reflect/value.go:262 +0x85\nreflect.flag.mustBeAssignable(...)\n\t/usr/local/go/src/reflect/value.go:249\nreflect.Value.SetInt({0xab00c0?, 0xc00044ca80?, 0xb55600?}, 0x4)\n\t/usr/local/go/src/reflect/value.go:2163 +0x48\ngorm.io/gorm/schema.(*Field).setupValuerAndSetter.func8({0xcb4f88, 0xc0000240b0}, {0xb55600?, 0xc00044ca80?, 0x81?}, {0xab0180?, 0x1079560?})\n\t/root/go/pkg/mod/gorm.io/gorm@v1.23.8/schema/field.go:615 +0x4a9\ngorm.io/gorm/callbacks.Create.func1(0xc000100000)\n\t/root/go/pkg/mod/gorm.io/gorm@v1.23.8/callbacks/create.go:146 +0x8fc\ngorm.io/gorm.(*processor).Execute(0xc00041f090, 0xb55600?)\n\t/root/go/pkg/mod/gorm.io/gorm@v1.23.8/callbacks.go:130 +0x433\ngorm.io/gorm.(*DB).Create(0xb55600?, {0xb55600?, 0xc00044ca80})\n\t/root/go/pkg/mod/gorm.io/gorm@v1.23.8/finisher_api.go:24 +0xa5\ndousheng/controller.Publish(0xc0001f4200?)\n\t/root/go/src/dousheng/controller/publish.go:42 +0x3a9\ndousheng/router.Publish.func1(0xc000067436?)\n\t/root/go/src/dousheng/router/publish.go:13 +0x19\ngithub.com/gin-gonic/gin.(*Context).Next(...)\n\t/root/go/pkg/mod/github.com/gin-gonic/gin@v1.8.1/context.go:173\ndousheng/middlewares.GinRecovery.func1(0xc0001f4200)\n\t/root/go/src/dousheng/middlewares/log.go:88 +0x76\ngithub.com/gin-gonic/gin.(*Context).Next(...)\n\t/root/go/pkg/mod/github.com/gin-gonic/gin@v1.8.1/context.go:173\ndousheng/middlewares.GinLogger.func1(0xc0001f4200)\n\t/root/go/src/dousheng/middlewares/log.go:25 +0xa2\ngithub.com/gin-gonic/gin.(*Context).Next(...)\n\t/root/go/pkg/mod/github.com/gin-gonic/gin@v1.8.1/context.go:173\ngithub.com/gin-gonic/gin.CustomRecoveryWithWriter.func1(0xc0001f4200)\n\t/root/go/pkg/mod/github.com/gin-gonic/gin@v1.8.1/recovery.go:101 +0x82\ngithub.com/gin-gonic/gin.(*Context).Next(...)\n\t/root/go/pkg/mod/github.com/gin-gonic/gin@v1.8.1/context.go:173\ngithub.com/gin-gonic/gin.LoggerWithConfig.func1(0xc0001f4200)\n\t/root/go/pkg/mod/github.com/gin-gonic/gin@v1.8.1/logger.go:240 +0xe7\ngithub.com/gin-gonic/gin.(*Context).Next(...)\n\t/root/go/pkg/mod/github.com/gin-gonic/gin@v1.8.1/context.go:173\ngithub.com/gin-gonic/gin.(*Engine).handleHTTPRequest(0xc0003a7520, 0xc0001f4200)\n\t/root/go/pkg/mod/github.com/gin-gonic/gin@v1.8.1/gin.go:616 +0x671\ngithub.com/gin-gonic/gin.(*Engine).ServeHTTP(0xc0003a7520, {0xcb4620?, 0xc0004001c0}, 0xc0001f4b00)\n\t/root/go/pkg/mod/github.com/gin-gonic/gin@v1.8.1/gin.go:572 +0x1dd\nnet/http.serverHandler.ServeHTTP({0xcb2d70?}, {0xcb4620, 0xc0004001c0}, 0xc0001f4b00)\n\t/usr/local/go/src/net/http/server.go:2916 +0x43b\nnet/http.(*conn).serve(0xc000456320, {0xcb4ff8, 0xc00044a870})\n\t/usr/local/go/src/net/http/server.go:1966 +0x5d7\ncreated by net/http.(*Server).Serve\n\t/usr/local/go/src/net/http/server.go:3071 +0x4db\n"}
dousheng/middlewares.GinRecovery.func1.1
	/root/go/src/dousheng/middlewares/log.go:74
runtime.gopanic
	/usr/local/go/src/runtime/panic.go:838
reflect.flag.mustBeAssignableSlow
	/usr/local/go/src/reflect/value.go:262
reflect.flag.mustBeAssignable
	/usr/local/go/src/reflect/value.go:249
reflect.Value.SetInt
	/usr/local/go/src/reflect/value.go:2163
gorm.io/gorm/schema.(*Field).setupValuerAndSetter.func8
	/root/go/pkg/mod/gorm.io/gorm@v1.23.8/schema/field.go:615
gorm.io/gorm/callbacks.Create.func1
	/root/go/pkg/mod/gorm.io/gorm@v1.23.8/callbacks/create.go:146
gorm.io/gorm.(*processor).Execute
	/root/go/pkg/mod/gorm.io/gorm@v1.23.8/callbacks.go:130
gorm.io/gorm.(*DB).Create
	/root/go/pkg/mod/gorm.io/gorm@v1.23.8/finisher_api.go:24
dousheng/controller.Publish
	/root/go/src/dousheng/controller/publish.go:42
dousheng/router.Publish.func1
	/root/go/src/dousheng/router/publish.go:13
github.com/gin-gonic/gin.(*Context).Next
	/root/go/pkg/mod/github.com/gin-gonic/gin@v1.8.1/context.go:173
dousheng/middlewares.GinRecovery.func1
	/root/go/src/dousheng/middlewares/log.go:88
github.com/gin-gonic/gin.(*Context).Next
	/root/go/pkg/mod/github.com/gin-gonic/gin@v1.8.1/context.go:173
dousheng/middlewares.GinLogger.func1
	/root/go/src/dousheng/middlewares/log.go:25
github.com/gin-gonic/gin.(*Context).Next
	/root/go/pkg/mod/github.com/gin-gonic/gin@v1.8.1/context.go:173
github.com/gin-gonic/gin.CustomRecoveryWithWriter.func1
	/root/go/pkg/mod/github.com/gin-gonic/gin@v1.8.1/recovery.go:101
github.com/gin-gonic/gin.(*Context).Next
	/root/go/pkg/mod/github.com/gin-gonic/gin@v1.8.1/context.go:173
github.com/gin-gonic/gin.LoggerWithConfig.func1
	/root/go/pkg/mod/github.com/gin-gonic/gin@v1.8.1/logger.go:240
github.com/gin-gonic/gin.(*Context).Next
	/root/go/pkg/mod/github.com/gin-gonic/gin@v1.8.1/context.go:173
github.com/gin-gonic/gin.(*Engine).handleHTTPRequest
	/root/go/pkg/mod/github.com/gin-gonic/gin@v1.8.1/gin.go:616
github.com/gin-gonic/gin.(*Engine).ServeHTTP
	/root/go/pkg/mod/github.com/gin-gonic/gin@v1.8.1/gin.go:572
net/http.serverHandler.ServeHTTP
	/usr/local/go/src/net/http/server.go:2916
net/http.(*conn).serve
	/usr/local/go/src/net/http/server.go:1966
2022-07-17T13:29:05.502+0800	INFO	middlewares/log.go:31	/douyin/publish/action/	{"status": 500, "method": "POST", "path": "/douyin/publish/action/", "query": "", "ip": "117.173.139.112", "user-agent": "okhttp/3.14.9", "errors": "", "cost": "210.754296ms"}
2022-07-17T13:29:25.495+0800	ERROR	middlewares/log.go:74	[Recovery from panic]	{"error": "reflect: reflect.Value.SetInt using unaddressable value", "request": "POST /douyin/publish/action/ HTTP/1.1\r\nHost: 121.89.193.78:8080\r\nAccept-Encoding: gzip\r\nConnection: Keep-Alive\r\nContent-Length: 172451\r\nContent-Type: multipart/form-data; boundary=78a21934-99c3-428d-bfd2-607c4b382cfc\r\nUser-Agent: okhttp/3.14.9\r\n\r\n", "stack": "goroutine 10 [running]:\nruntime/debug.Stack()\n\t/usr/local/go/src/runtime/debug/stack.go:24 +0x65\ndousheng/middlewares.GinRecovery.func1.1()\n\t/root/go/src/dousheng/middlewares/log.go:77 +0x2da\npanic({0xab0b00, 0xc000462a70})\n\t/usr/local/go/src/runtime/panic.go:838 +0x207\nreflect.flag.mustBeAssignableSlow(0xc0000003c0?)\n\t/usr/local/go/src/reflect/value.go:262 +0x85\nreflect.flag.mustBeAssignable(...)\n\t/usr/local/go/src/reflect/value.go:249\nreflect.Value.SetInt({0xab00c0?, 0xc00044c2a0?, 0xb55600?}, 0x5)\n\t/usr/local/go/src/reflect/value.go:2163 +0x48\ngorm.io/gorm/schema.(*Field).setupValuerAndSetter.func8({0xcb4fa8, 0xc0000240b0}, {0xb55600?, 0xc00044c2a0?, 0x81?}, {0xab0180?, 0x1079568?})\n\t/root/go/pkg/mod/gorm.io/gorm@v1.23.8/schema/field.go:615 +0x4a9\ngorm.io/gorm/callbacks.Create.func1(0xc00007df50)\n\t/root/go/pkg/mod/gorm.io/gorm@v1.23.8/callbacks/create.go:146 +0x8fc\ngorm.io/gorm.(*processor).Execute(0xc00041f090, 0xb55600?)\n\t/root/go/pkg/mod/gorm.io/gorm@v1.23.8/callbacks.go:130 +0x433\ngorm.io/gorm.(*DB).Create(0xb55600?, {0xb55600?, 0xc00044c2a0})\n\t/root/go/pkg/mod/gorm.io/gorm@v1.23.8/finisher_api.go:24 +0xa5\ndousheng/controller.Publish(0x203000?)\n\t/root/go/src/dousheng/controller/publish.go:42 +0x3c7\ndousheng/router.Publish.func1(0x2?)\n\t/root/go/src/dousheng/router/publish.go:13 +0x19\ngithub.com/gin-gonic/gin.(*Context).Next(...)\n\t/root/go/pkg/mod/github.com/gin-gonic/gin@v1.8.1/context.go:173\ndousheng/middlewares.GinRecovery.func1(0xc0001f4200)\n\t/root/go/src/dousheng/middlewares/log.go:88 +0x76\ngithub.com/gin-gonic/gin.(*Context).Next(...)\n\t/root/go/pkg/mod/github.com/gin-gonic/gin@v1.8.1/context.go:173\ndousheng/middlewares.GinLogger.func1(0xc0001f4200)\n\t/root/go/src/dousheng/middlewares/log.go:25 +0xa2\ngithub.com/gin-gonic/gin.(*Context).Next(...)\n\t/root/go/pkg/mod/github.com/gin-gonic/gin@v1.8.1/context.go:173\ngithub.com/gin-gonic/gin.CustomRecoveryWithWriter.func1(0xc0001f4200)\n\t/root/go/pkg/mod/github.com/gin-gonic/gin@v1.8.1/recovery.go:101 +0x82\ngithub.com/gin-gonic/gin.(*Context).Next(...)\n\t/root/go/pkg/mod/github.com/gin-gonic/gin@v1.8.1/context.go:173\ngithub.com/gin-gonic/gin.LoggerWithConfig.func1(0xc0001f4200)\n\t/root/go/pkg/mod/github.com/gin-gonic/gin@v1.8.1/logger.go:240 +0xe7\ngithub.com/gin-gonic/gin.(*Context).Next(...)\n\t/root/go/pkg/mod/github.com/gin-gonic/gin@v1.8.1/context.go:173\ngithub.com/gin-gonic/gin.(*Engine).handleHTTPRequest(0xc0003a7860, 0xc0001f4200)\n\t/root/go/pkg/mod/github.com/gin-gonic/gin@v1.8.1/gin.go:616 +0x671\ngithub.com/gin-gonic/gin.(*Engine).ServeHTTP(0xc0003a7860, {0xcb4640?, 0xc00040a000}, 0xc0001f4100)\n\t/root/go/pkg/mod/github.com/gin-gonic/gin@v1.8.1/gin.go:572 +0x1dd\nnet/http.serverHandler.ServeHTTP({0xcb2d90?}, {0xcb4640, 0xc00040a000}, 0xc0001f4100)\n\t/usr/local/go/src/net/http/server.go:2916 +0x43b\nnet/http.(*conn).serve(0xc000456000, {0xcb5018, 0xc00044bec0})\n\t/usr/local/go/src/net/http/server.go:1966 +0x5d7\ncreated by net/http.(*Server).Serve\n\t/usr/local/go/src/net/http/server.go:3071 +0x4db\n"}
dousheng/middlewares.GinRecovery.func1.1
	/root/go/src/dousheng/middlewares/log.go:74
runtime.gopanic
	/usr/local/go/src/runtime/panic.go:838
reflect.flag.mustBeAssignableSlow
	/usr/local/go/src/reflect/value.go:262
reflect.flag.mustBeAssignable
	/usr/local/go/src/reflect/value.go:249
reflect.Value.SetInt
	/usr/local/go/src/reflect/value.go:2163
gorm.io/gorm/schema.(*Field).setupValuerAndSetter.func8
	/root/go/pkg/mod/gorm.io/gorm@v1.23.8/schema/field.go:615
gorm.io/gorm/callbacks.Create.func1
	/root/go/pkg/mod/gorm.io/gorm@v1.23.8/callbacks/create.go:146
gorm.io/gorm.(*processor).Execute
	/root/go/pkg/mod/gorm.io/gorm@v1.23.8/callbacks.go:130
gorm.io/gorm.(*DB).Create
	/root/go/pkg/mod/gorm.io/gorm@v1.23.8/finisher_api.go:24
dousheng/controller.Publish
	/root/go/src/dousheng/controller/publish.go:42
dousheng/router.Publish.func1
	/root/go/src/dousheng/router/publish.go:13
github.com/gin-gonic/gin.(*Context).Next
	/root/go/pkg/mod/github.com/gin-gonic/gin@v1.8.1/context.go:173
dousheng/middlewares.GinRecovery.func1
	/root/go/src/dousheng/middlewares/log.go:88
github.com/gin-gonic/gin.(*Context).Next
	/root/go/pkg/mod/github.com/gin-gonic/gin@v1.8.1/context.go:173
dousheng/middlewares.GinLogger.func1
	/root/go/src/dousheng/middlewares/log.go:25
github.com/gin-gonic/gin.(*Context).Next
	/root/go/pkg/mod/github.com/gin-gonic/gin@v1.8.1/context.go:173
github.com/gin-gonic/gin.CustomRecoveryWithWriter.func1
	/root/go/pkg/mod/github.com/gin-gonic/gin@v1.8.1/recovery.go:101
github.com/gin-gonic/gin.(*Context).Next
	/root/go/pkg/mod/github.com/gin-gonic/gin@v1.8.1/context.go:173
github.com/gin-gonic/gin.LoggerWithConfig.func1
	/root/go/pkg/mod/github.com/gin-gonic/gin@v1.8.1/logger.go:240
github.com/gin-gonic/gin.(*Context).Next
	/root/go/pkg/mod/github.com/gin-gonic/gin@v1.8.1/context.go:173
github.com/gin-gonic/gin.(*Engine).handleHTTPRequest
	/root/go/pkg/mod/github.com/gin-gonic/gin@v1.8.1/gin.go:616
github.com/gin-gonic/gin.(*Engine).ServeHTTP
	/root/go/pkg/mod/github.com/gin-gonic/gin@v1.8.1/gin.go:572
net/http.serverHandler.ServeHTTP
	/usr/local/go/src/net/http/server.go:2916
net/http.(*conn).serve
	/usr/local/go/src/net/http/server.go:1966
2022-07-17T13:29:25.499+0800	INFO	middlewares/log.go:31	/douyin/publish/action/	{"status": 500, "method": "POST", "path": "/douyin/publish/action/", "query": "", "ip": "117.173.139.112", "user-agent": "okhttp/3.14.9", "errors": "", "cost": "211.226562ms"}
2022-07-17T13:29:42.148+0800	INFO	middlewares/log.go:31	/	{"status": 404, "method": "GET", "path": "/", "query": "", "ip": "202.70.37.78", "user-agent": "Mozilla/5.0 (Windows NT 6.1; WOW64) AppleWebKit/537.36 (KHTML, like Gecko) Chrome/52.0.2743.116 Safari/537.36", "errors": "", "cost": "15.775µs"}
2022-07-17T13:41:58.457+0800	ERROR	middlewares/log.go:74	[Recovery from panic]	{"error": "reflect: reflect.Value.SetInt using unaddressable value", "request": "POST /douyin/publish/action/ HTTP/1.1\r\nHost: 121.89.193.78:8080\r\nAccept-Encoding: gzip\r\nConnection: Keep-Alive\r\nContent-Length: 172451\r\nContent-Type: multipart/form-data; boundary=847d0867-4bcd-4b24-9205-920816cfc123\r\nUser-Agent: okhttp/3.14.9\r\n\r\n", "stack": "goroutine 10 [running]:\nruntime/debug.Stack()\n\t/usr/local/go/src/runtime/debug/stack.go:24 +0x65\ndousheng/middlewares.GinRecovery.func1.1()\n\t/root/go/src/dousheng/middlewares/log.go:77 +0x2da\npanic({0xab0b00, 0xc000462a70})\n\t/usr/local/go/src/runtime/panic.go:838 +0x207\nreflect.flag.mustBeAssignableSlow(0xc0000005a0?)\n\t/usr/local/go/src/reflect/value.go:262 +0x85\nreflect.flag.mustBeAssignable(...)\n\t/usr/local/go/src/reflect/value.go:249\nreflect.Value.SetInt({0xab00c0?, 0xc00044c310?, 0xb55600?}, 0x6)\n\t/usr/local/go/src/reflect/value.go:2163 +0x48\ngorm.io/gorm/schema.(*Field).setupValuerAndSetter.func8({0xcb4fc8, 0xc0000240b0}, {0xb55600?, 0xc00044c310?, 0x81?}, {0xab0180?, 0x1079570?})\n\t/root/go/pkg/mod/gorm.io/gorm@v1.23.8/schema/field.go:615 +0x4a9\ngorm.io/gorm/callbacks.Create.func1(0xc00007df50)\n\t/root/go/pkg/mod/gorm.io/gorm@v1.23.8/callbacks/create.go:146 +0x8fc\ngorm.io/gorm.(*processor).Execute(0xc00041d090, 0xb55600?)\n\t/root/go/pkg/mod/gorm.io/gorm@v1.23.8/callbacks.go:130 +0x433\ngorm.io/gorm.(*DB).Create(0xb55600?, {0xb55600?, 0xc00044c310})\n\t/root/go/pkg/mod/gorm.io/gorm@v1.23.8/finisher_api.go:24 +0xa5\ndousheng/controller.Publish(0x203000?)\n\t/root/go/src/dousheng/controller/publish.go:43 +0x3ec\ndousheng/router.Publish.func1(0x2?)\n\t/root/go/src/dousheng/router/publish.go:13 +0x19\ngithub.com/gin-gonic/gin.(*Context).Next(...)\n\t/root/go/pkg/mod/github.com/gin-gonic/gin@v1.8.1/context.go:173\ndousheng/middlewares.GinRecovery.func1(0xc0001f4200)\n\t/root/go/src/dousheng/middlewares/log.go:88 +0x76\ngithub.com/gin-gonic/gin.(*Context).Next(...)\n\t/root/go/pkg/mod/github.com/gin-gonic/gin@v1.8.1/context.go:173\ndousheng/middlewares.GinLogger.func1(0xc0001f4200)\n\t/root/go/src/dousheng/middlewares/log.go:25 +0xa2\ngithub.com/gin-gonic/gin.(*Context).Next(...)\n\t/root/go/pkg/mod/github.com/gin-gonic/gin@v1.8.1/context.go:173\ngithub.com/gin-gonic/gin.CustomRecoveryWithWriter.func1(0xc0001f4200)\n\t/root/go/pkg/mod/github.com/gin-gonic/gin@v1.8.1/recovery.go:101 +0x82\ngithub.com/gin-gonic/gin.(*Context).Next(...)\n\t/root/go/pkg/mod/github.com/gin-gonic/gin@v1.8.1/context.go:173\ngithub.com/gin-gonic/gin.LoggerWithConfig.func1(0xc0001f4200)\n\t/root/go/pkg/mod/github.com/gin-gonic/gin@v1.8.1/logger.go:240 +0xe7\ngithub.com/gin-gonic/gin.(*Context).Next(...)\n\t/root/go/pkg/mod/github.com/gin-gonic/gin@v1.8.1/context.go:173\ngithub.com/gin-gonic/gin.(*Engine).handleHTTPRequest(0xc0003c51e0, 0xc0001f4200)\n\t/root/go/pkg/mod/github.com/gin-gonic/gin@v1.8.1/gin.go:616 +0x671\ngithub.com/gin-gonic/gin.(*Engine).ServeHTTP(0xc0003c51e0, {0xcb4660?, 0xc000406000}, 0xc0001f4100)\n\t/root/go/pkg/mod/github.com/gin-gonic/gin@v1.8.1/gin.go:572 +0x1dd\nnet/http.serverHandler.ServeHTTP({0xcb2db0?}, {0xcb4660, 0xc000406000}, 0xc0001f4100)\n\t/usr/local/go/src/net/http/server.go:2916 +0x43b\nnet/http.(*conn).serve(0xc000456000, {0xcb5038, 0xc00044bec0})\n\t/usr/local/go/src/net/http/server.go:1966 +0x5d7\ncreated by net/http.(*Server).Serve\n\t/usr/local/go/src/net/http/server.go:3071 +0x4db\n"}
dousheng/middlewares.GinRecovery.func1.1
	/root/go/src/dousheng/middlewares/log.go:74
runtime.gopanic
	/usr/local/go/src/runtime/panic.go:838
reflect.flag.mustBeAssignableSlow
	/usr/local/go/src/reflect/value.go:262
reflect.flag.mustBeAssignable
	/usr/local/go/src/reflect/value.go:249
reflect.Value.SetInt
	/usr/local/go/src/reflect/value.go:2163
gorm.io/gorm/schema.(*Field).setupValuerAndSetter.func8
	/root/go/pkg/mod/gorm.io/gorm@v1.23.8/schema/field.go:615
gorm.io/gorm/callbacks.Create.func1
	/root/go/pkg/mod/gorm.io/gorm@v1.23.8/callbacks/create.go:146
gorm.io/gorm.(*processor).Execute
	/root/go/pkg/mod/gorm.io/gorm@v1.23.8/callbacks.go:130
gorm.io/gorm.(*DB).Create
	/root/go/pkg/mod/gorm.io/gorm@v1.23.8/finisher_api.go:24
dousheng/controller.Publish
	/root/go/src/dousheng/controller/publish.go:43
dousheng/router.Publish.func1
	/root/go/src/dousheng/router/publish.go:13
github.com/gin-gonic/gin.(*Context).Next
	/root/go/pkg/mod/github.com/gin-gonic/gin@v1.8.1/context.go:173
dousheng/middlewares.GinRecovery.func1
	/root/go/src/dousheng/middlewares/log.go:88
github.com/gin-gonic/gin.(*Context).Next
	/root/go/pkg/mod/github.com/gin-gonic/gin@v1.8.1/context.go:173
dousheng/middlewares.GinLogger.func1
	/root/go/src/dousheng/middlewares/log.go:25
github.com/gin-gonic/gin.(*Context).Next
	/root/go/pkg/mod/github.com/gin-gonic/gin@v1.8.1/context.go:173
github.com/gin-gonic/gin.CustomRecoveryWithWriter.func1
	/root/go/pkg/mod/github.com/gin-gonic/gin@v1.8.1/recovery.go:101
github.com/gin-gonic/gin.(*Context).Next
	/root/go/pkg/mod/github.com/gin-gonic/gin@v1.8.1/context.go:173
github.com/gin-gonic/gin.LoggerWithConfig.func1
	/root/go/pkg/mod/github.com/gin-gonic/gin@v1.8.1/logger.go:240
github.com/gin-gonic/gin.(*Context).Next
	/root/go/pkg/mod/github.com/gin-gonic/gin@v1.8.1/context.go:173
github.com/gin-gonic/gin.(*Engine).handleHTTPRequest
	/root/go/pkg/mod/github.com/gin-gonic/gin@v1.8.1/gin.go:616
github.com/gin-gonic/gin.(*Engine).ServeHTTP
	/root/go/pkg/mod/github.com/gin-gonic/gin@v1.8.1/gin.go:572
net/http.serverHandler.ServeHTTP
	/usr/local/go/src/net/http/server.go:2916
net/http.(*conn).serve
	/usr/local/go/src/net/http/server.go:1966
2022-07-17T13:41:58.467+0800	INFO	middlewares/log.go:31	/douyin/publish/action/	{"status": 500, "method": "POST", "path": "/douyin/publish/action/", "query": "", "ip": "117.173.139.112", "user-agent": "okhttp/3.14.9", "errors": "", "cost": "228.534125ms"}
